<?xml version="1.0" encoding="UTF-8"?>
<!-- Generated by org.testng.reporters.JUnitReportReporter -->
<testsuite skipped="0" hostname="DESKTOP-254N2F8" name="com.flipkart.testcase.RegisterTestCase" tests="1" failures="0" timestamp="11 Feb 2020 14:05:19 GMT" time="18.835" errors="0">
  <testcase name="check" time="18.835" classname="com.flipkart.testcase.RegisterTestCase"/>
</testsuite> <!-- com.flipkart.testcase.RegisterTestCase -->
