<?xml version="1.0" encoding="UTF-8"?>
<!-- Generated by org.testng.reporters.JUnitReportReporter -->
<testsuite skipped="0" hostname="DESKTOP-254N2F8" name="com.flipkart.base.DriverCreation" tests="1" failures="0" timestamp="27 Dec 2019 17:49:42 GMT" time="17.491" errors="0">
  <testcase name="createDriver" time="17.491" classname="com.flipkart.base.DriverCreation"/>
</testsuite> <!-- com.flipkart.base.DriverCreation -->
