<?xml version="1.0" encoding="UTF-8"?>
<!-- Generated by org.testng.reporters.JUnitReportReporter -->
<testsuite skipped="0" hostname="DESKTOP-254N2F8" name="com.flipkart.base.ParallelClass" tests="4" failures="0" timestamp="09 Feb 2020 18:10:58 GMT" time="53.213" errors="0">
  <testcase name="createDriver2" time="13.296" classname="com.flipkart.base.ParallelClass"/>
  <testcase name="createDriver2" time="12.249" classname="com.flipkart.base.ParallelClass"/>
  <testcase name="createDriver" time="13.980" classname="com.flipkart.base.ParallelClass"/>
  <testcase name="createDriver" time="13.688" classname="com.flipkart.base.ParallelClass"/>
</testsuite> <!-- com.flipkart.base.ParallelClass -->
